{"/Users/machunyu/Desktop/2026/studyapp/app/components/petsafe/PetSafeApp.tsx": {"path":"/Users/machunyu/Desktop/2026/studyapp/app/components/petsafe/PetSafeApp.tsx","statementMap":{"0":{"start":{"line":52,"column":23},"end":{"line":52,"column":null}},"1":{"start":{"line":55,"column":2},"end":{"line":70,"column":null}},"2":{"start":{"line":74,"column":2},"end":{"line":89,"column":null}},"3":{"start":{"line":93,"column":16},"end":{"line":93,"column":null}},"4":{"start":{"line":94,"column":15},"end":{"line":94,"column":null}},"5":{"start":{"line":96,"column":2},"end":{"line":110,"column":null}},"6":{"start":{"line":97,"column":4},"end":{"line":109,"column":null}},"7":{"start":{"line":111,"column":2},"end":{"line":121,"column":null}},"8":{"start":{"line":112,"column":4},"end":{"line":120,"column":null}},"9":{"start":{"line":122,"column":2},"end":{"line":130,"column":null}},"10":{"start":{"line":134,"column":12},"end":{"line":134,"column":null}},"11":{"start":{"line":135,"column":24},"end":{"line":135,"column":null}},"12":{"start":{"line":135,"column":53},"end":{"line":135,"column":72}},"13":{"start":{"line":136,"column":20},"end":{"line":136,"column":null}},"14":{"start":{"line":137,"column":24},"end":{"line":137,"column":null}},"15":{"start":{"line":138,"column":30},"end":{"line":138,"column":null}},"16":{"start":{"line":139,"column":24},"end":{"line":139,"column":null}},"17":{"start":{"line":140,"column":26},"end":{"line":140,"column":null}},"18":{"start":{"line":141,"column":36},"end":{"line":141,"column":null}},"19":{"start":{"line":142,"column":38},"end":{"line":142,"column":null}},"20":{"start":{"line":143,"column":34},"end":{"line":143,"column":null}},"21":{"start":{"line":144,"column":40},"end":{"line":144,"column":null}},"22":{"start":{"line":146,"column":8},"end":{"line":146,"column":null}},"23":{"start":{"line":147,"column":8},"end":{"line":147,"column":null}},"24":{"start":{"line":148,"column":8},"end":{"line":148,"column":null}},"25":{"start":{"line":149,"column":32},"end":{"line":149,"column":null}},"26":{"start":{"line":151,"column":8},"end":{"line":153,"column":null}},"27":{"start":{"line":152,"column":4},"end":{"line":152,"column":null}},"28":{"start":{"line":152,"column":24},"end":{"line":152,"column":46}},"29":{"start":{"line":155,"column":8},"end":{"line":158,"column":null}},"30":{"start":{"line":156,"column":4},"end":{"line":156,"column":null}},"31":{"start":{"line":157,"column":4},"end":{"line":157,"column":null}},"32":{"start":{"line":157,"column":21},"end":{"line":157,"column":37}},"33":{"start":{"line":160,"column":2},"end":{"line":187,"column":null}},"34":{"start":{"line":161,"column":16},"end":{"line":161,"column":null}},"35":{"start":{"line":162,"column":20},"end":{"line":162,"column":null}},"36":{"start":{"line":164,"column":4},"end":{"line":170,"column":null}},"37":{"start":{"line":169,"column":6},"end":{"line":169,"column":null}},"38":{"start":{"line":169,"column":22},"end":{"line":169,"column":null}},"39":{"start":{"line":170,"column":20},"end":{"line":170,"column":57}},"40":{"start":{"line":172,"column":18},"end":{"line":185,"column":null}},"41":{"start":{"line":173,"column":6},"end":{"line":173,"column":null}},"42":{"start":{"line":173,"column":21},"end":{"line":173,"column":null}},"43":{"start":{"line":174,"column":6},"end":{"line":184,"column":null}},"44":{"start":{"line":175,"column":8},"end":{"line":181,"column":null}},"45":{"start":{"line":176,"column":10},"end":{"line":180,"column":null}},"46":{"start":{"line":183,"column":8},"end":{"line":183,"column":null}},"47":{"start":{"line":186,"column":4},"end":{"line":186,"column":null}},"48":{"start":{"line":186,"column":19},"end":{"line":186,"column":37}},"49":{"start":{"line":186,"column":37},"end":{"line":186,"column":58}},"50":{"start":{"line":189,"column":29},"end":{"line":195,"column":null}},"51":{"start":{"line":190,"column":17},"end":{"line":190,"column":null}},"52":{"start":{"line":191,"column":4},"end":{"line":191,"column":null}},"53":{"start":{"line":191,"column":15},"end":{"line":191,"column":null}},"54":{"start":{"line":192,"column":19},"end":{"line":192,"column":null}},"55":{"start":{"line":193,"column":4},"end":{"line":193,"column":null}},"56":{"start":{"line":193,"column":26},"end":{"line":193,"column":null}},"57":{"start":{"line":194,"column":4},"end":{"line":194,"column":null}},"58":{"start":{"line":197,"column":29},"end":{"line":217,"column":null}},"59":{"start":{"line":198,"column":4},"end":{"line":198,"column":null}},"60":{"start":{"line":198,"column":28},"end":{"line":198,"column":null}},"61":{"start":{"line":199,"column":4},"end":{"line":199,"column":null}},"62":{"start":{"line":200,"column":4},"end":{"line":216,"column":null}},"63":{"start":{"line":201,"column":26},"end":{"line":201,"column":null}},"64":{"start":{"line":202,"column":19},"end":{"line":206,"column":null}},"65":{"start":{"line":207,"column":18},"end":{"line":207,"column":null}},"66":{"start":{"line":208,"column":16},"end":{"line":208,"column":null}},"67":{"start":{"line":209,"column":6},"end":{"line":209,"column":null}},"68":{"start":{"line":210,"column":6},"end":{"line":210,"column":null}},"69":{"start":{"line":211,"column":6},"end":{"line":211,"column":null}},"70":{"start":{"line":212,"column":6},"end":{"line":212,"column":null}},"71":{"start":{"line":213,"column":6},"end":{"line":213,"column":null}},"72":{"start":{"line":215,"column":6},"end":{"line":215,"column":null}},"73":{"start":{"line":219,"column":21},"end":{"line":226,"column":null}},"74":{"start":{"line":220,"column":17},"end":{"line":220,"column":null}},"75":{"start":{"line":221,"column":4},"end":{"line":225,"column":null}},"76":{"start":{"line":222,"column":6},"end":{"line":222,"column":null}},"77":{"start":{"line":223,"column":6},"end":{"line":223,"column":null}},"78":{"start":{"line":224,"column":6},"end":{"line":224,"column":null}},"79":{"start":{"line":224,"column":23},"end":{"line":224,"column":41}},"80":{"start":{"line":228,"column":27},"end":{"line":259,"column":null}},"81":{"start":{"line":229,"column":4},"end":{"line":229,"column":null}},"82":{"start":{"line":229,"column":20},"end":{"line":229,"column":null}},"83":{"start":{"line":230,"column":4},"end":{"line":230,"column":null}},"84":{"start":{"line":231,"column":4},"end":{"line":258,"column":null}},"85":{"start":{"line":232,"column":12},"end":{"line":232,"column":null}},"86":{"start":{"line":233,"column":19},"end":{"line":233,"column":null}},"87":{"start":{"line":234,"column":19},"end":{"line":234,"column":null}},"88":{"start":{"line":236,"column":23},"end":{"line":236,"column":null}},"89":{"start":{"line":237,"column":6},"end":{"line":237,"column":null}},"90":{"start":{"line":238,"column":6},"end":{"line":238,"column":null}},"91":{"start":{"line":239,"column":6},"end":{"line":239,"column":null}},"92":{"start":{"line":240,"column":6},"end":{"line":240,"column":null}},"93":{"start":{"line":241,"column":6},"end":{"line":241,"column":null}},"94":{"start":{"line":243,"column":21},"end":{"line":243,"column":null}},"95":{"start":{"line":244,"column":6},"end":{"line":252,"column":null}},"96":{"start":{"line":245,"column":18},"end":{"line":245,"column":null}},"97":{"start":{"line":246,"column":24},"end":{"line":246,"column":null}},"98":{"start":{"line":247,"column":8},"end":{"line":247,"column":null}},"99":{"start":{"line":248,"column":8},"end":{"line":248,"column":null}},"100":{"start":{"line":250,"column":23},"end":{"line":250,"column":null}},"101":{"start":{"line":251,"column":8},"end":{"line":251,"column":null}},"102":{"start":{"line":254,"column":6},"end":{"line":254,"column":null}},"103":{"start":{"line":255,"column":6},"end":{"line":255,"column":null}},"104":{"start":{"line":257,"column":6},"end":{"line":257,"column":null}},"105":{"start":{"line":261,"column":27},"end":{"line":267,"column":null}},"106":{"start":{"line":262,"column":4},"end":{"line":266,"column":null}},"107":{"start":{"line":263,"column":19},"end":{"line":263,"column":null}},"108":{"start":{"line":264,"column":6},"end":{"line":264,"column":null}},"109":{"start":{"line":265,"column":6},"end":{"line":265,"column":null}},"110":{"start":{"line":269,"column":23},"end":{"line":269,"column":null}},"111":{"start":{"line":270,"column":22},"end":{"line":270,"column":null}},"112":{"start":{"line":272,"column":83},"end":{"line":276,"column":null}},"113":{"start":{"line":278,"column":69},"end":{"line":283,"column":null}},"114":{"start":{"line":285,"column":21},"end":{"line":310,"column":null}},"115":{"start":{"line":312,"column":24},"end":{"line":318,"column":null}},"116":{"start":{"line":320,"column":22},"end":{"line":324,"column":null}},"117":{"start":{"line":326,"column":2},"end":{"line":764,"column":null}},"118":{"start":{"line":344,"column":35},"end":{"line":344,"column":52}},"119":{"start":{"line":360,"column":35},"end":{"line":360,"column":66}},"120":{"start":{"line":370,"column":31},"end":{"line":370,"column":null}},"121":{"start":{"line":383,"column":71},"end":{"line":383,"column":105}},"122":{"start":{"line":388,"column":74},"end":{"line":388,"column":109}},"123":{"start":{"line":392,"column":64},"end":{"line":392,"column":100}},"124":{"start":{"line":394,"column":22},"end":{"line":394,"column":null}},"125":{"start":{"line":406,"column":73},"end":{"line":406,"column":109}},"126":{"start":{"line":410,"column":73},"end":{"line":410,"column":109}},"127":{"start":{"line":417,"column":73},"end":{"line":417,"column":111}},"128":{"start":{"line":425,"column":18},"end":{"line":428,"column":null}},"129":{"start":{"line":426,"column":81},"end":{"line":426,"column":118}},"130":{"start":{"line":442,"column":81},"end":{"line":442,"column":123}},"131":{"start":{"line":446,"column":77},"end":{"line":446,"column":115}},"132":{"start":{"line":455,"column":76},"end":{"line":455,"column":115}},"133":{"start":{"line":456,"column":77},"end":{"line":456,"column":117}},"134":{"start":{"line":472,"column":27},"end":{"line":472,"column":null}},"135":{"start":{"line":473,"column":14},"end":{"line":477,"column":null}},"136":{"start":{"line":474,"column":50},"end":{"line":474,"column":64}},"137":{"start":{"line":490,"column":22},"end":{"line":490,"column":null}},"138":{"start":{"line":490,"column":53},"end":{"line":490,"column":66}},"139":{"start":{"line":499,"column":41},"end":{"line":499,"column":57}},"140":{"start":{"line":598,"column":86},"end":{"line":598,"column":122}},"141":{"start":{"line":686,"column":18},"end":{"line":686,"column":null}},"142":{"start":{"line":686,"column":49},"end":{"line":686,"column":65}},"143":{"start":{"line":718,"column":31},"end":{"line":718,"column":null}},"144":{"start":{"line":719,"column":37},"end":{"line":719,"column":null}},"145":{"start":{"line":719,"column":63},"end":{"line":719,"column":74}},"146":{"start":{"line":720,"column":18},"end":{"line":738,"column":null}},"147":{"start":{"line":731,"column":26},"end":{"line":734,"column":null}},"148":{"start":{"line":732,"column":105},"end":{"line":732,"column":139}}},"fnMap":{"0":{"name":"makeInitialState","decl":{"start":{"line":54,"column":9},"end":{"line":54,"column":26}},"loc":{"start":{"line":54,"column":64},"end":{"line":71,"column":null}},"line":54},"1":{"name":"makeSampleState","decl":{"start":{"line":73,"column":9},"end":{"line":73,"column":25}},"loc":{"start":{"line":73,"column":63},"end":{"line":90,"column":null}},"line":73},"2":{"name":"getCopyTemplate","decl":{"start":{"line":92,"column":9},"end":{"line":92,"column":25}},"loc":{"start":{"line":92,"column":94},"end":{"line":131,"column":null}},"line":92},"3":{"name":"PetSafeApp","decl":{"start":{"line":133,"column":24},"end":{"line":133,"column":37}},"loc":{"start":{"line":133,"column":37},"end":{"line":766,"column":null}},"line":133},"4":{"name":"(anonymous_4)","decl":{"start":{"line":135,"column":47},"end":{"line":135,"column":53}},"loc":{"start":{"line":135,"column":53},"end":{"line":135,"column":72}},"line":135},"5":{"name":"(anonymous_5)","decl":{"start":{"line":151,"column":29},"end":{"line":151,"column":30}},"loc":{"start":{"line":151,"column":59},"end":{"line":153,"column":5}},"line":151},"6":{"name":"(anonymous_6)","decl":{"start":{"line":152,"column":13},"end":{"line":152,"column":14}},"loc":{"start":{"line":152,"column":24},"end":{"line":152,"column":46}},"line":152},"7":{"name":"(anonymous_7)","decl":{"start":{"line":155,"column":32},"end":{"line":155,"column":33}},"loc":{"start":{"line":155,"column":49},"end":{"line":158,"column":5}},"line":155},"8":{"name":"(anonymous_8)","decl":{"start":{"line":157,"column":15},"end":{"line":157,"column":21}},"loc":{"start":{"line":157,"column":21},"end":{"line":157,"column":37}},"line":157},"9":{"name":"(anonymous_9)","decl":{"start":{"line":160,"column":12},"end":{"line":160,"column":18}},"loc":{"start":{"line":160,"column":18},"end":{"line":187,"column":5}},"line":160},"10":{"name":"(anonymous_10)","decl":{"start":{"line":168,"column":12},"end":{"line":168,"column":13}},"loc":{"start":{"line":168,"column":25},"end":{"line":170,"column":5}},"line":168},"11":{"name":"(anonymous_11)","decl":{"start":{"line":170,"column":13},"end":{"line":170,"column":14}},"loc":{"start":{"line":170,"column":20},"end":{"line":170,"column":57}},"line":170},"12":{"name":"(anonymous_12)","decl":{"start":{"line":172,"column":29},"end":{"line":172,"column":35}},"loc":{"start":{"line":172,"column":35},"end":{"line":185,"column":7}},"line":172},"13":{"name":"(anonymous_13)","decl":{"start":{"line":186,"column":11},"end":{"line":186,"column":17}},"loc":{"start":{"line":186,"column":17},"end":{"line":186,"column":null}},"line":186},"14":{"name":"(anonymous_14)","decl":{"start":{"line":189,"column":29},"end":{"line":189,"column":30}},"loc":{"start":{"line":189,"column":73},"end":{"line":195,"column":null}},"line":189},"15":{"name":"(anonymous_15)","decl":{"start":{"line":193,"column":20},"end":{"line":193,"column":26}},"loc":{"start":{"line":193,"column":26},"end":{"line":193,"column":null}},"line":193},"16":{"name":"(anonymous_16)","decl":{"start":{"line":197,"column":29},"end":{"line":197,"column":41}},"loc":{"start":{"line":197,"column":41},"end":{"line":217,"column":null}},"line":197},"17":{"name":"(anonymous_17)","decl":{"start":{"line":219,"column":21},"end":{"line":219,"column":27}},"loc":{"start":{"line":219,"column":27},"end":{"line":226,"column":null}},"line":219},"18":{"name":"(anonymous_18)","decl":{"start":{"line":221,"column":45},"end":{"line":221,"column":51}},"loc":{"start":{"line":221,"column":51},"end":{"line":225,"column":5}},"line":221},"19":{"name":"(anonymous_19)","decl":{"start":{"line":224,"column":17},"end":{"line":224,"column":23}},"loc":{"start":{"line":224,"column":23},"end":{"line":224,"column":41}},"line":224},"20":{"name":"(anonymous_20)","decl":{"start":{"line":228,"column":27},"end":{"line":228,"column":39}},"loc":{"start":{"line":228,"column":39},"end":{"line":259,"column":null}},"line":228},"21":{"name":"(anonymous_21)","decl":{"start":{"line":261,"column":27},"end":{"line":261,"column":28}},"loc":{"start":{"line":261,"column":44},"end":{"line":267,"column":null}},"line":261},"22":{"name":"(anonymous_22)","decl":{"start":{"line":262,"column":19},"end":{"line":262,"column":20}},"loc":{"start":{"line":262,"column":29},"end":{"line":266,"column":5}},"line":262},"23":{"name":"(anonymous_23)","decl":{"start":{"line":344,"column":29},"end":{"line":344,"column":35}},"loc":{"start":{"line":344,"column":35},"end":{"line":344,"column":52}},"line":344},"24":{"name":"(anonymous_24)","decl":{"start":{"line":360,"column":29},"end":{"line":360,"column":35}},"loc":{"start":{"line":360,"column":35},"end":{"line":360,"column":66}},"line":360},"25":{"name":"(anonymous_25)","decl":{"start":{"line":370,"column":25},"end":{"line":370,"column":31}},"loc":{"start":{"line":370,"column":31},"end":{"line":370,"column":null}},"line":370},"26":{"name":"(anonymous_26)","decl":{"start":{"line":383,"column":64},"end":{"line":383,"column":65}},"loc":{"start":{"line":383,"column":71},"end":{"line":383,"column":105}},"line":383},"27":{"name":"(anonymous_27)","decl":{"start":{"line":388,"column":67},"end":{"line":388,"column":68}},"loc":{"start":{"line":388,"column":74},"end":{"line":388,"column":109}},"line":388},"28":{"name":"(anonymous_28)","decl":{"start":{"line":392,"column":57},"end":{"line":392,"column":58}},"loc":{"start":{"line":392,"column":64},"end":{"line":392,"column":100}},"line":392},"29":{"name":"(anonymous_29)","decl":{"start":{"line":393,"column":39},"end":{"line":393,"column":40}},"loc":{"start":{"line":394,"column":22},"end":{"line":394,"column":null}},"line":394},"30":{"name":"(anonymous_30)","decl":{"start":{"line":406,"column":66},"end":{"line":406,"column":67}},"loc":{"start":{"line":406,"column":73},"end":{"line":406,"column":109}},"line":406},"31":{"name":"(anonymous_31)","decl":{"start":{"line":410,"column":66},"end":{"line":410,"column":67}},"loc":{"start":{"line":410,"column":73},"end":{"line":410,"column":109}},"line":410},"32":{"name":"(anonymous_32)","decl":{"start":{"line":417,"column":66},"end":{"line":417,"column":67}},"loc":{"start":{"line":417,"column":73},"end":{"line":417,"column":111}},"line":417},"33":{"name":"(anonymous_33)","decl":{"start":{"line":424,"column":33},"end":{"line":424,"column":34}},"loc":{"start":{"line":425,"column":18},"end":{"line":428,"column":null}},"line":425},"34":{"name":"(anonymous_34)","decl":{"start":{"line":426,"column":74},"end":{"line":426,"column":75}},"loc":{"start":{"line":426,"column":81},"end":{"line":426,"column":118}},"line":426},"35":{"name":"(anonymous_35)","decl":{"start":{"line":442,"column":74},"end":{"line":442,"column":75}},"loc":{"start":{"line":442,"column":81},"end":{"line":442,"column":123}},"line":442},"36":{"name":"(anonymous_36)","decl":{"start":{"line":446,"column":70},"end":{"line":446,"column":71}},"loc":{"start":{"line":446,"column":77},"end":{"line":446,"column":115}},"line":446},"37":{"name":"(anonymous_37)","decl":{"start":{"line":455,"column":69},"end":{"line":455,"column":70}},"loc":{"start":{"line":455,"column":76},"end":{"line":455,"column":115}},"line":455},"38":{"name":"(anonymous_38)","decl":{"start":{"line":456,"column":70},"end":{"line":456,"column":71}},"loc":{"start":{"line":456,"column":77},"end":{"line":456,"column":117}},"line":456},"39":{"name":"(anonymous_39)","decl":{"start":{"line":471,"column":22},"end":{"line":471,"column":23}},"loc":{"start":{"line":471,"column":29},"end":{"line":479,"column":13}},"line":471},"40":{"name":"(anonymous_40)","decl":{"start":{"line":474,"column":44},"end":{"line":474,"column":50}},"loc":{"start":{"line":474,"column":50},"end":{"line":474,"column":64}},"line":474},"41":{"name":"(anonymous_41)","decl":{"start":{"line":489,"column":162},"end":{"line":489,"column":163}},"loc":{"start":{"line":490,"column":22},"end":{"line":490,"column":null}},"line":490},"42":{"name":"(anonymous_42)","decl":{"start":{"line":490,"column":47},"end":{"line":490,"column":53}},"loc":{"start":{"line":490,"column":53},"end":{"line":490,"column":66}},"line":490},"43":{"name":"(anonymous_43)","decl":{"start":{"line":499,"column":35},"end":{"line":499,"column":41}},"loc":{"start":{"line":499,"column":41},"end":{"line":499,"column":57}},"line":499},"44":{"name":"(anonymous_44)","decl":{"start":{"line":598,"column":79},"end":{"line":598,"column":80}},"loc":{"start":{"line":598,"column":86},"end":{"line":598,"column":122}},"line":598},"45":{"name":"(anonymous_45)","decl":{"start":{"line":685,"column":172},"end":{"line":685,"column":173}},"loc":{"start":{"line":686,"column":18},"end":{"line":686,"column":null}},"line":686},"46":{"name":"(anonymous_46)","decl":{"start":{"line":686,"column":43},"end":{"line":686,"column":49}},"loc":{"start":{"line":686,"column":49},"end":{"line":686,"column":65}},"line":686},"47":{"name":"(anonymous_47)","decl":{"start":{"line":717,"column":32},"end":{"line":717,"column":33}},"loc":{"start":{"line":717,"column":46},"end":{"line":740,"column":17}},"line":717},"48":{"name":"(anonymous_48)","decl":{"start":{"line":719,"column":52},"end":{"line":719,"column":53}},"loc":{"start":{"line":719,"column":63},"end":{"line":719,"column":74}},"line":719},"49":{"name":"(anonymous_49)","decl":{"start":{"line":730,"column":40},"end":{"line":730,"column":41}},"loc":{"start":{"line":731,"column":26},"end":{"line":734,"column":null}},"line":731},"50":{"name":"(anonymous_50)","decl":{"start":{"line":732,"column":99},"end":{"line":732,"column":105}},"loc":{"start":{"line":732,"column":105},"end":{"line":732,"column":139}},"line":732}},"branchMap":{"0":{"loc":{"start":{"line":93,"column":16},"end":{"line":93,"column":null}},"type":"binary-expr","locations":[{"start":{"line":93,"column":16},"end":{"line":93,"column":32}},{"start":{"line":93,"column":32},"end":{"line":93,"column":null}}],"line":93},"1":{"loc":{"start":{"line":94,"column":15},"end":{"line":94,"column":null}},"type":"binary-expr","locations":[{"start":{"line":94,"column":15},"end":{"line":94,"column":25}},{"start":{"line":94,"column":25},"end":{"line":94,"column":null}}],"line":94},"2":{"loc":{"start":{"line":96,"column":2},"end":{"line":110,"column":null}},"type":"if","locations":[{"start":{"line":96,"column":2},"end":{"line":110,"column":null}},{"start":{},"end":{}}],"line":96},"3":{"loc":{"start":{"line":106,"column":31},"end":{"line":106,"column":80}},"type":"cond-expr","locations":[{"start":{"line":106,"column":46},"end":{"line":106,"column":78}},{"start":{"line":106,"column":78},"end":{"line":106,"column":80}}],"line":106},"4":{"loc":{"start":{"line":111,"column":2},"end":{"line":121,"column":null}},"type":"if","locations":[{"start":{"line":111,"column":2},"end":{"line":121,"column":null}},{"start":{},"end":{}}],"line":111},"5":{"loc":{"start":{"line":128,"column":11},"end":{"line":128,"column":69}},"type":"cond-expr","locations":[{"start":{"line":128,"column":26},"end":{"line":128,"column":63}},{"start":{"line":128,"column":63},"end":{"line":128,"column":69}}],"line":128},"6":{"loc":{"start":{"line":161,"column":16},"end":{"line":161,"column":null}},"type":"binary-expr","locations":[{"start":{"line":161,"column":16},"end":{"line":161,"column":32}},{"start":{"line":161,"column":32},"end":{"line":161,"column":null}}],"line":161},"7":{"loc":{"start":{"line":169,"column":6},"end":{"line":169,"column":null}},"type":"if","locations":[{"start":{"line":169,"column":6},"end":{"line":169,"column":null}},{"start":{},"end":{}}],"line":169},"8":{"loc":{"start":{"line":173,"column":6},"end":{"line":173,"column":null}},"type":"if","locations":[{"start":{"line":173,"column":6},"end":{"line":173,"column":null}},{"start":{},"end":{}}],"line":173},"9":{"loc":{"start":{"line":175,"column":8},"end":{"line":181,"column":null}},"type":"if","locations":[{"start":{"line":175,"column":8},"end":{"line":181,"column":null}},{"start":{},"end":{}}],"line":175},"10":{"loc":{"start":{"line":175,"column":12},"end":{"line":175,"column":52}},"type":"binary-expr","locations":[{"start":{"line":175,"column":12},"end":{"line":175,"column":28}},{"start":{"line":175,"column":28},"end":{"line":175,"column":52}}],"line":175},"11":{"loc":{"start":{"line":191,"column":4},"end":{"line":191,"column":null}},"type":"if","locations":[{"start":{"line":191,"column":4},"end":{"line":191,"column":null}},{"start":{},"end":{}}],"line":191},"12":{"loc":{"start":{"line":198,"column":4},"end":{"line":198,"column":null}},"type":"if","locations":[{"start":{"line":198,"column":4},"end":{"line":198,"column":null}},{"start":{},"end":{}}],"line":198},"13":{"loc":{"start":{"line":210,"column":38},"end":{"line":210,"column":57}},"type":"binary-expr","locations":[{"start":{"line":210,"column":38},"end":{"line":210,"column":52}},{"start":{"line":210,"column":52},"end":{"line":210,"column":57}}],"line":210},"14":{"loc":{"start":{"line":229,"column":4},"end":{"line":229,"column":null}},"type":"if","locations":[{"start":{"line":229,"column":4},"end":{"line":229,"column":null}},{"start":{},"end":{}}],"line":229},"15":{"loc":{"start":{"line":238,"column":50},"end":{"line":238,"column":69}},"type":"binary-expr","locations":[{"start":{"line":238,"column":50},"end":{"line":238,"column":64}},{"start":{"line":238,"column":64},"end":{"line":238,"column":69}}],"line":238},"16":{"loc":{"start":{"line":244,"column":6},"end":{"line":252,"column":null}},"type":"if","locations":[{"start":{"line":244,"column":6},"end":{"line":252,"column":null}},{"start":{"line":249,"column":13},"end":{"line":252,"column":null}}],"line":244},"17":{"loc":{"start":{"line":248,"column":18},"end":{"line":248,"column":100}},"type":"cond-expr","locations":[{"start":{"line":248,"column":34},"end":{"line":248,"column":70}},{"start":{"line":248,"column":70},"end":{"line":248,"column":100}}],"line":248},"18":{"loc":{"start":{"line":250,"column":23},"end":{"line":250,"column":null}},"type":"cond-expr","locations":[{"start":{"line":250,"column":43},"end":{"line":250,"column":58}},{"start":{"line":250,"column":58},"end":{"line":250,"column":null}}],"line":250},"19":{"loc":{"start":{"line":251,"column":18},"end":{"line":251,"column":55}},"type":"binary-expr","locations":[{"start":{"line":251,"column":18},"end":{"line":251,"column":28}},{"start":{"line":251,"column":28},"end":{"line":251,"column":55}}],"line":251},"20":{"loc":{"start":{"line":474,"column":97},"end":{"line":474,"column":133}},"type":"cond-expr","locations":[{"start":{"line":474,"column":112},"end":{"line":474,"column":131}},{"start":{"line":474,"column":131},"end":{"line":474,"column":133}}],"line":474},"21":{"loc":{"start":{"line":483,"column":11},"end":{"line":583,"column":null}},"type":"binary-expr","locations":[{"start":{"line":483,"column":11},"end":{"line":483,"column":null}},{"start":{"line":484,"column":12},"end":{"line":583,"column":null}}],"line":483},"22":{"loc":{"start":{"line":490,"column":90},"end":{"line":490,"column":127}},"type":"cond-expr","locations":[{"start":{"line":490,"column":104},"end":{"line":490,"column":125}},{"start":{"line":490,"column":125},"end":{"line":490,"column":127}}],"line":490},"23":{"loc":{"start":{"line":507,"column":257},"end":{"line":507,"column":373}},"type":"cond-expr","locations":[{"start":{"line":507,"column":278},"end":{"line":507,"column":303}},{"start":{"line":507,"column":303},"end":{"line":507,"column":373}}],"line":507},"24":{"loc":{"start":{"line":507,"column":303},"end":{"line":507,"column":373}},"type":"cond-expr","locations":[{"start":{"line":507,"column":323},"end":{"line":507,"column":349}},{"start":{"line":507,"column":349},"end":{"line":507,"column":373}}],"line":507},"25":{"loc":{"start":{"line":508,"column":19},"end":{"line":579,"column":null}},"type":"cond-expr","locations":[{"start":{"line":510,"column":20},"end":{"line":532,"column":null}},{"start":{"line":535,"column":20},"end":{"line":579,"column":null}}],"line":508},"26":{"loc":{"start":{"line":522,"column":27},"end":{"line":522,"column":null}},"type":"binary-expr","locations":[{"start":{"line":522,"column":27},"end":{"line":522,"column":40}},{"start":{"line":522,"column":40},"end":{"line":522,"column":null}}],"line":522},"27":{"loc":{"start":{"line":526,"column":85},"end":{"line":526,"column":127}},"type":"binary-expr","locations":[{"start":{"line":526,"column":85},"end":{"line":526,"column":99}},{"start":{"line":526,"column":99},"end":{"line":526,"column":127}}],"line":526},"28":{"loc":{"start":{"line":529,"column":133},"end":{"line":529,"column":184}},"type":"binary-expr","locations":[{"start":{"line":529,"column":133},"end":{"line":529,"column":153}},{"start":{"line":529,"column":153},"end":{"line":529,"column":184}}],"line":529},"29":{"loc":{"start":{"line":530,"column":112},"end":{"line":530,"column":162}},"type":"binary-expr","locations":[{"start":{"line":530,"column":112},"end":{"line":530,"column":131}},{"start":{"line":530,"column":131},"end":{"line":530,"column":162}}],"line":530},"30":{"loc":{"start":{"line":542,"column":25},"end":{"line":543,"column":null}},"type":"binary-expr","locations":[{"start":{"line":542,"column":25},"end":{"line":542,"column":44}},{"start":{"line":542,"column":44},"end":{"line":542,"column":null}},{"start":{"line":543,"column":26},"end":{"line":543,"column":null}}],"line":542},"31":{"loc":{"start":{"line":551,"column":29},"end":{"line":551,"column":null}},"type":"binary-expr","locations":[{"start":{"line":551,"column":29},"end":{"line":551,"column":49}},{"start":{"line":551,"column":49},"end":{"line":551,"column":null}}],"line":551},"32":{"loc":{"start":{"line":552,"column":29},"end":{"line":552,"column":null}},"type":"binary-expr","locations":[{"start":{"line":552,"column":29},"end":{"line":552,"column":47}},{"start":{"line":552,"column":47},"end":{"line":552,"column":null}}],"line":552},"33":{"loc":{"start":{"line":557,"column":89},"end":{"line":557,"column":131}},"type":"binary-expr","locations":[{"start":{"line":557,"column":89},"end":{"line":557,"column":103}},{"start":{"line":557,"column":103},"end":{"line":557,"column":131}}],"line":557},"34":{"loc":{"start":{"line":561,"column":108},"end":{"line":561,"column":159}},"type":"binary-expr","locations":[{"start":{"line":561,"column":108},"end":{"line":561,"column":126}},{"start":{"line":561,"column":126},"end":{"line":561,"column":159}}],"line":561},"35":{"loc":{"start":{"line":562,"column":156},"end":{"line":562,"column":212}},"type":"binary-expr","locations":[{"start":{"line":562,"column":156},"end":{"line":562,"column":178}},{"start":{"line":562,"column":178},"end":{"line":562,"column":212}}],"line":562},"36":{"loc":{"start":{"line":563,"column":105},"end":{"line":563,"column":153}},"type":"binary-expr","locations":[{"start":{"line":563,"column":105},"end":{"line":563,"column":123}},{"start":{"line":563,"column":123},"end":{"line":563,"column":153}}],"line":563},"37":{"loc":{"start":{"line":564,"column":187},"end":{"line":564,"column":233}},"type":"binary-expr","locations":[{"start":{"line":564,"column":187},"end":{"line":564,"column":203}},{"start":{"line":564,"column":203},"end":{"line":564,"column":233}}],"line":564},"38":{"loc":{"start":{"line":569,"column":161},"end":{"line":569,"column":212}},"type":"binary-expr","locations":[{"start":{"line":569,"column":161},"end":{"line":569,"column":181}},{"start":{"line":569,"column":181},"end":{"line":569,"column":212}}],"line":569},"39":{"loc":{"start":{"line":570,"column":116},"end":{"line":570,"column":166}},"type":"binary-expr","locations":[{"start":{"line":570,"column":116},"end":{"line":570,"column":135}},{"start":{"line":570,"column":135},"end":{"line":570,"column":166}}],"line":570},"40":{"loc":{"start":{"line":573,"column":85},"end":{"line":573,"column":159}},"type":"binary-expr","locations":[{"start":{"line":573,"column":85},"end":{"line":573,"column":98}},{"start":{"line":573,"column":98},"end":{"line":573,"column":159}}],"line":573},"41":{"loc":{"start":{"line":587,"column":11},"end":{"line":674,"column":null}},"type":"binary-expr","locations":[{"start":{"line":587,"column":11},"end":{"line":587,"column":null}},{"start":{"line":588,"column":12},"end":{"line":674,"column":null}}],"line":587},"42":{"loc":{"start":{"line":601,"column":125},"end":{"line":601,"column":174}},"type":"cond-expr","locations":[{"start":{"line":601,"column":138},"end":{"line":601,"column":172}},{"start":{"line":601,"column":172},"end":{"line":601,"column":174}}],"line":601},"43":{"loc":{"start":{"line":603,"column":29},"end":{"line":603,"column":99}},"type":"cond-expr","locations":[{"start":{"line":603,"column":42},"end":{"line":603,"column":71}},{"start":{"line":603,"column":71},"end":{"line":603,"column":99}}],"line":603},"44":{"loc":{"start":{"line":608,"column":17},"end":{"line":639,"column":null}},"type":"binary-expr","locations":[{"start":{"line":608,"column":17},"end":{"line":608,"column":null}},{"start":{"line":609,"column":16},"end":{"line":639,"column":null}}],"line":608},"45":{"loc":{"start":{"line":616,"column":84},"end":{"line":616,"column":105}},"type":"binary-expr","locations":[{"start":{"line":616,"column":84},"end":{"line":616,"column":98}},{"start":{"line":616,"column":98},"end":{"line":616,"column":105}}],"line":616},"46":{"loc":{"start":{"line":619,"column":97},"end":{"line":619,"column":132}},"type":"binary-expr","locations":[{"start":{"line":619,"column":97},"end":{"line":619,"column":124}},{"start":{"line":619,"column":124},"end":{"line":619,"column":132}}],"line":619},"47":{"loc":{"start":{"line":643,"column":15},"end":{"line":650,"column":null}},"type":"binary-expr","locations":[{"start":{"line":643,"column":15},"end":{"line":643,"column":null}},{"start":{"line":644,"column":16},"end":{"line":650,"column":null}}],"line":643},"48":{"loc":{"start":{"line":678,"column":11},"end":{"line":701,"column":null}},"type":"binary-expr","locations":[{"start":{"line":678,"column":11},"end":{"line":678,"column":null}},{"start":{"line":679,"column":12},"end":{"line":701,"column":null}}],"line":678},"49":{"loc":{"start":{"line":686,"column":88},"end":{"line":686,"column":127}},"type":"cond-expr","locations":[{"start":{"line":686,"column":105},"end":{"line":686,"column":125}},{"start":{"line":686,"column":125},"end":{"line":686,"column":127}}],"line":686},"50":{"loc":{"start":{"line":692,"column":19},"end":{"line":692,"column":null}},"type":"cond-expr","locations":[{"start":{"line":692,"column":28},"end":{"line":692,"column":64}},{"start":{"line":692,"column":64},"end":{"line":692,"column":null}}],"line":692},"51":{"loc":{"start":{"line":693,"column":25},"end":{"line":693,"column":87}},"type":"cond-expr","locations":[{"start":{"line":693,"column":34},"end":{"line":693,"column":61}},{"start":{"line":693,"column":61},"end":{"line":693,"column":87}}],"line":693},"52":{"loc":{"start":{"line":705,"column":11},"end":{"line":742,"column":null}},"type":"binary-expr","locations":[{"start":{"line":705,"column":11},"end":{"line":705,"column":null}},{"start":{"line":706,"column":12},"end":{"line":742,"column":null}}],"line":705},"53":{"loc":{"start":{"line":748,"column":7},"end":{"line":754,"column":null}},"type":"binary-expr","locations":[{"start":{"line":748,"column":7},"end":{"line":748,"column":null}},{"start":{"line":749,"column":8},"end":{"line":754,"column":null}}],"line":748}},"s":{"0":0,"1":0,"2":0,"3":0,"4":0,"5":0,"6":0,"7":0,"8":0,"9":0,"10":0,"11":0,"12":0,"13":0,"14":0,"15":0,"16":0,"17":0,"18":0,"19":0,"20":0,"21":0,"22":0,"23":0,"24":0,"25":0,"26":0,"27":0,"28":0,"29":0,"30":0,"31":0,"32":0,"33":0,"34":0,"35":0,"36":0,"37":0,"38":0,"39":0,"40":0,"41":0,"42":0,"43":0,"44":0,"45":0,"46":0,"47":0,"48":0,"49":0,"50":0,"51":0,"52":0,"53":0,"54":0,"55":0,"56":0,"57":0,"58":0,"59":0,"60":0,"61":0,"62":0,"63":0,"64":0,"65":0,"66":0,"67":0,"68":0,"69":0,"70":0,"71":0,"72":0,"73":0,"74":0,"75":0,"76":0,"77":0,"78":0,"79":0,"80":0,"81":0,"82":0,"83":0,"84":0,"85":0,"86":0,"87":0,"88":0,"89":0,"90":0,"91":0,"92":0,"93":0,"94":0,"95":0,"96":0,"97":0,"98":0,"99":0,"100":0,"101":0,"102":0,"103":0,"104":0,"105":0,"106":0,"107":0,"108":0,"109":0,"110":0,"111":0,"112":0,"113":0,"114":0,"115":0,"116":0,"117":0,"118":0,"119":0,"120":0,"121":0,"122":0,"123":0,"124":0,"125":0,"126":0,"127":0,"128":0,"129":0,"130":0,"131":0,"132":0,"133":0,"134":0,"135":0,"136":0,"137":0,"138":0,"139":0,"140":0,"141":0,"142":0,"143":0,"144":0,"145":0,"146":0,"147":0,"148":0},"f":{"0":0,"1":0,"2":0,"3":0,"4":0,"5":0,"6":0,"7":0,"8":0,"9":0,"10":0,"11":0,"12":0,"13":0,"14":0,"15":0,"16":0,"17":0,"18":0,"19":0,"20":0,"21":0,"22":0,"23":0,"24":0,"25":0,"26":0,"27":0,"28":0,"29":0,"30":0,"31":0,"32":0,"33":0,"34":0,"35":0,"36":0,"37":0,"38":0,"39":0,"40":0,"41":0,"42":0,"43":0,"44":0,"45":0,"46":0,"47":0,"48":0,"49":0,"50":0},"b":{"0":[0,0],"1":[0,0],"2":[0,0],"3":[0,0],"4":[0,0],"5":[0,0],"6":[0,0],"7":[0,0],"8":[0,0],"9":[0,0],"10":[0,0],"11":[0,0],"12":[0,0],"13":[0,0],"14":[0,0],"15":[0,0],"16":[0,0],"17":[0,0],"18":[0,0],"19":[0,0],"20":[0,0],"21":[0,0],"22":[0,0],"23":[0,0],"24":[0,0],"25":[0,0],"26":[0,0],"27":[0,0],"28":[0,0],"29":[0,0],"30":[0,0,0],"31":[0,0],"32":[0,0],"33":[0,0],"34":[0,0],"35":[0,0],"36":[0,0],"37":[0,0],"38":[0,0],"39":[0,0],"40":[0,0],"41":[0,0],"42":[0,0],"43":[0,0],"44":[0,0],"45":[0,0],"46":[0,0],"47":[0,0],"48":[0,0],"49":[0,0],"50":[0,0],"51":[0,0],"52":[0,0],"53":[0,0]},"meta":{"lastBranch":54,"lastFunction":51,"lastStatement":149,"seen":{"s:52:23:52:Infinity":0,"f:54:9:54:26":0,"s:55:2:70:Infinity":1,"f:73:9:73:25":1,"s:74:2:89:Infinity":2,"f:92:9:92:25":2,"s:93:16:93:Infinity":3,"b:93:16:93:32:93:32:93:Infinity":0,"s:94:15:94:Infinity":4,"b:94:15:94:25:94:25:94:Infinity":1,"b:96:2:110:Infinity:undefined:undefined:undefined:undefined":2,"s:96:2:110:Infinity":5,"s:97:4:109:Infinity":6,"b:106:46:106:78:106:78:106:80":3,"b:111:2:121:Infinity:undefined:undefined:undefined:undefined":4,"s:111:2:121:Infinity":7,"s:112:4:120:Infinity":8,"s:122:2:130:Infinity":9,"b:128:26:128:63:128:63:128:69":5,"f:133:24:133:37":3,"s:134:12:134:Infinity":10,"s:135:24:135:Infinity":11,"f:135:47:135:53":4,"s:135:53:135:72":12,"s:136:20:136:Infinity":13,"s:137:24:137:Infinity":14,"s:138:30:138:Infinity":15,"s:139:24:139:Infinity":16,"s:140:26:140:Infinity":17,"s:141:36:141:Infinity":18,"s:142:38:142:Infinity":19,"s:143:34:143:Infinity":20,"s:144:40:144:Infinity":21,"s:146:8:146:Infinity":22,"s:147:8:147:Infinity":23,"s:148:8:148:Infinity":24,"s:149:32:149:Infinity":25,"s:151:8:153:Infinity":26,"f:151:29:151:30":5,"s:152:4:152:Infinity":27,"f:152:13:152:14":6,"s:152:24:152:46":28,"s:155:8:158:Infinity":29,"f:155:32:155:33":7,"s:156:4:156:Infinity":30,"s:157:4:157:Infinity":31,"f:157:15:157:21":8,"s:157:21:157:37":32,"s:160:2:187:Infinity":33,"f:160:12:160:18":9,"s:161:16:161:Infinity":34,"b:161:16:161:32:161:32:161:Infinity":6,"s:162:20:162:Infinity":35,"s:164:4:170:Infinity":36,"f:168:12:168:13":10,"b:169:6:169:Infinity:undefined:undefined:undefined:undefined":7,"s:169:6:169:Infinity":37,"s:169:22:169:Infinity":38,"f:170:13:170:14":11,"s:170:20:170:57":39,"s:172:18:185:Infinity":40,"f:172:29:172:35":12,"b:173:6:173:Infinity:undefined:undefined:undefined:undefined":8,"s:173:6:173:Infinity":41,"s:173:21:173:Infinity":42,"s:174:6:184:Infinity":43,"b:175:8:181:Infinity:undefined:undefined:undefined:undefined":9,"s:175:8:181:Infinity":44,"b:175:12:175:28:175:28:175:52":10,"s:176:10:180:Infinity":45,"s:183:8:183:Infinity":46,"s:186:4:186:Infinity":47,"f:186:11:186:17":13,"s:186:19:186:37":48,"s:186:37:186:58":49,"s:189:29:195:Infinity":50,"f:189:29:189:30":14,"s:190:17:190:Infinity":51,"b:191:4:191:Infinity:undefined:undefined:undefined:undefined":11,"s:191:4:191:Infinity":52,"s:191:15:191:Infinity":53,"s:192:19:192:Infinity":54,"s:193:4:193:Infinity":55,"f:193:20:193:26":15,"s:193:26:193:Infinity":56,"s:194:4:194:Infinity":57,"s:197:29:217:Infinity":58,"f:197:29:197:41":16,"b:198:4:198:Infinity:undefined:undefined:undefined:undefined":12,"s:198:4:198:Infinity":59,"s:198:28:198:Infinity":60,"s:199:4:199:Infinity":61,"s:200:4:216:Infinity":62,"s:201:26:201:Infinity":63,"s:202:19:206:Infinity":64,"s:207:18:207:Infinity":65,"s:208:16:208:Infinity":66,"s:209:6:209:Infinity":67,"s:210:6:210:Infinity":68,"b:210:38:210:52:210:52:210:57":13,"s:211:6:211:Infinity":69,"s:212:6:212:Infinity":70,"s:213:6:213:Infinity":71,"s:215:6:215:Infinity":72,"s:219:21:226:Infinity":73,"f:219:21:219:27":17,"s:220:17:220:Infinity":74,"s:221:4:225:Infinity":75,"f:221:45:221:51":18,"s:222:6:222:Infinity":76,"s:223:6:223:Infinity":77,"s:224:6:224:Infinity":78,"f:224:17:224:23":19,"s:224:23:224:41":79,"s:228:27:259:Infinity":80,"f:228:27:228:39":20,"b:229:4:229:Infinity:undefined:undefined:undefined:undefined":14,"s:229:4:229:Infinity":81,"s:229:20:229:Infinity":82,"s:230:4:230:Infinity":83,"s:231:4:258:Infinity":84,"s:232:12:232:Infinity":85,"s:233:19:233:Infinity":86,"s:234:19:234:Infinity":87,"s:236:23:236:Infinity":88,"s:237:6:237:Infinity":89,"s:238:6:238:Infinity":90,"b:238:50:238:64:238:64:238:69":15,"s:239:6:239:Infinity":91,"s:240:6:240:Infinity":92,"s:241:6:241:Infinity":93,"s:243:21:243:Infinity":94,"b:244:6:252:Infinity:249:13:252:Infinity":16,"s:244:6:252:Infinity":95,"s:245:18:245:Infinity":96,"s:246:24:246:Infinity":97,"s:247:8:247:Infinity":98,"s:248:8:248:Infinity":99,"b:248:34:248:70:248:70:248:100":17,"s:250:23:250:Infinity":100,"b:250:43:250:58:250:58:250:Infinity":18,"s:251:8:251:Infinity":101,"b:251:18:251:28:251:28:251:55":19,"s:254:6:254:Infinity":102,"s:255:6:255:Infinity":103,"s:257:6:257:Infinity":104,"s:261:27:267:Infinity":105,"f:261:27:261:28":21,"s:262:4:266:Infinity":106,"f:262:19:262:20":22,"s:263:19:263:Infinity":107,"s:264:6:264:Infinity":108,"s:265:6:265:Infinity":109,"s:269:23:269:Infinity":110,"s:270:22:270:Infinity":111,"s:272:83:276:Infinity":112,"s:278:69:283:Infinity":113,"s:285:21:310:Infinity":114,"s:312:24:318:Infinity":115,"s:320:22:324:Infinity":116,"s:326:2:764:Infinity":117,"f:344:29:344:35":23,"s:344:35:344:52":118,"f:360:29:360:35":24,"s:360:35:360:66":119,"f:370:25:370:31":25,"s:370:31:370:Infinity":120,"f:383:64:383:65":26,"s:383:71:383:105":121,"f:388:67:388:68":27,"s:388:74:388:109":122,"f:392:57:392:58":28,"s:392:64:392:100":123,"f:393:39:393:40":29,"s:394:22:394:Infinity":124,"f:406:66:406:67":30,"s:406:73:406:109":125,"f:410:66:410:67":31,"s:410:73:410:109":126,"f:417:66:417:67":32,"s:417:73:417:111":127,"f:424:33:424:34":33,"s:425:18:428:Infinity":128,"f:426:74:426:75":34,"s:426:81:426:118":129,"f:442:74:442:75":35,"s:442:81:442:123":130,"f:446:70:446:71":36,"s:446:77:446:115":131,"f:455:69:455:70":37,"s:455:76:455:115":132,"f:456:70:456:71":38,"s:456:77:456:117":133,"f:471:22:471:23":39,"s:472:27:472:Infinity":134,"s:473:14:477:Infinity":135,"f:474:44:474:50":40,"s:474:50:474:64":136,"b:474:112:474:131:474:131:474:133":20,"b:483:11:483:Infinity:484:12:583:Infinity":21,"f:489:162:489:163":41,"s:490:22:490:Infinity":137,"f:490:47:490:53":42,"s:490:53:490:66":138,"b:490:104:490:125:490:125:490:127":22,"f:499:35:499:41":43,"s:499:41:499:57":139,"b:507:278:507:303:507:303:507:373":23,"b:507:323:507:349:507:349:507:373":24,"b:510:20:532:Infinity:535:20:579:Infinity":25,"b:522:27:522:40:522:40:522:Infinity":26,"b:526:85:526:99:526:99:526:127":27,"b:529:133:529:153:529:153:529:184":28,"b:530:112:530:131:530:131:530:162":29,"b:542:25:542:44:542:44:542:Infinity:543:26:543:Infinity":30,"b:551:29:551:49:551:49:551:Infinity":31,"b:552:29:552:47:552:47:552:Infinity":32,"b:557:89:557:103:557:103:557:131":33,"b:561:108:561:126:561:126:561:159":34,"b:562:156:562:178:562:178:562:212":35,"b:563:105:563:123:563:123:563:153":36,"b:564:187:564:203:564:203:564:233":37,"b:569:161:569:181:569:181:569:212":38,"b:570:116:570:135:570:135:570:166":39,"b:573:85:573:98:573:98:573:159":40,"b:587:11:587:Infinity:588:12:674:Infinity":41,"f:598:79:598:80":44,"s:598:86:598:122":140,"b:601:138:601:172:601:172:601:174":42,"b:603:42:603:71:603:71:603:99":43,"b:608:17:608:Infinity:609:16:639:Infinity":44,"b:616:84:616:98:616:98:616:105":45,"b:619:97:619:124:619:124:619:132":46,"b:643:15:643:Infinity:644:16:650:Infinity":47,"b:678:11:678:Infinity:679:12:701:Infinity":48,"f:685:172:685:173":45,"s:686:18:686:Infinity":141,"f:686:43:686:49":46,"s:686:49:686:65":142,"b:686:105:686:125:686:125:686:127":49,"b:692:28:692:64:692:64:692:Infinity":50,"b:693:34:693:61:693:61:693:87":51,"b:705:11:705:Infinity:706:12:742:Infinity":52,"f:717:32:717:33":47,"s:718:31:718:Infinity":143,"s:719:37:719:Infinity":144,"f:719:52:719:53":48,"s:719:63:719:74":145,"s:720:18:738:Infinity":146,"f:730:40:730:41":49,"s:731:26:734:Infinity":147,"f:732:99:732:105":50,"s:732:105:732:139":148,"b:748:7:748:Infinity:749:8:754:Infinity":53},"fnNames":{}}}
,"/Users/machunyu/Desktop/2026/studyapp/app/components/petsafe/pet-landing-template.ts": {"path":"/Users/machunyu/Desktop/2026/studyapp/app/components/petsafe/pet-landing-template.ts","statementMap":{"0":{"start":{"line":25,"column":25},"end":{"line":25,"column":null}},"1":{"start":{"line":26,"column":2},"end":{"line":26,"column":null}},"2":{"start":{"line":26,"column":23},"end":{"line":26,"column":null}},"3":{"start":{"line":27,"column":2},"end":{"line":27,"column":null}},"4":{"start":{"line":27,"column":21},"end":{"line":27,"column":null}},"5":{"start":{"line":29,"column":2},"end":{"line":99,"column":null}}},"fnMap":{"0":{"name":"generatePetLandingHTML","decl":{"start":{"line":24,"column":16},"end":{"line":24,"column":39}},"loc":{"start":{"line":24,"column":97},"end":{"line":103,"column":null}},"line":24}},"branchMap":{"0":{"loc":{"start":{"line":26,"column":2},"end":{"line":26,"column":null}},"type":"if","locations":[{"start":{"line":26,"column":2},"end":{"line":26,"column":null}},{"start":{},"end":{}}],"line":26},"1":{"loc":{"start":{"line":27,"column":2},"end":{"line":27,"column":null}},"type":"if","locations":[{"start":{"line":27,"column":2},"end":{"line":27,"column":null}},{"start":{},"end":{}}],"line":27},"2":{"loc":{"start":{"line":34,"column":25},"end":{"line":34,"column":48}},"type":"binary-expr","locations":[{"start":{"line":34,"column":25},"end":{"line":34,"column":38}},{"start":{"line":34,"column":38},"end":{"line":34,"column":48}}],"line":34},"3":{"loc":{"start":{"line":71,"column":6},"end":{"line":71,"column":24}},"type":"binary-expr","locations":[{"start":{"line":71,"column":6},"end":{"line":71,"column":19}},{"start":{"line":71,"column":19},"end":{"line":71,"column":24}}],"line":71},"4":{"loc":{"start":{"line":77,"column":4},"end":{"line":77,"column":65}},"type":"cond-expr","locations":[{"start":{"line":77,"column":18},"end":{"line":77,"column":63}},{"start":{"line":77,"column":63},"end":{"line":77,"column":65}}],"line":77},"5":{"loc":{"start":{"line":79,"column":4},"end":{"line":79,"column":238}},"type":"cond-expr","locations":[{"start":{"line":79,"column":36},"end":{"line":79,"column":236}},{"start":{"line":79,"column":236},"end":{"line":79,"column":238}}],"line":79},"6":{"loc":{"start":{"line":79,"column":4},"end":{"line":79,"column":36}},"type":"binary-expr","locations":[{"start":{"line":79,"column":4},"end":{"line":79,"column":22}},{"start":{"line":79,"column":22},"end":{"line":79,"column":36}}],"line":79},"7":{"loc":{"start":{"line":81,"column":74},"end":{"line":81,"column":123}},"type":"binary-expr","locations":[{"start":{"line":81,"column":74},"end":{"line":81,"column":91}},{"start":{"line":81,"column":91},"end":{"line":81,"column":123}}],"line":81},"8":{"loc":{"start":{"line":82,"column":93},"end":{"line":82,"column":147}},"type":"binary-expr","locations":[{"start":{"line":82,"column":93},"end":{"line":82,"column":114}},{"start":{"line":82,"column":114},"end":{"line":82,"column":147}}],"line":82},"9":{"loc":{"start":{"line":83,"column":71},"end":{"line":83,"column":117}},"type":"binary-expr","locations":[{"start":{"line":83,"column":71},"end":{"line":83,"column":88}},{"start":{"line":83,"column":88},"end":{"line":83,"column":117}}],"line":83},"10":{"loc":{"start":{"line":84,"column":108},"end":{"line":84,"column":152}},"type":"binary-expr","locations":[{"start":{"line":84,"column":108},"end":{"line":84,"column":123}},{"start":{"line":84,"column":123},"end":{"line":84,"column":152}}],"line":84},"11":{"loc":{"start":{"line":90,"column":59},"end":{"line":90,"column":107}},"type":"binary-expr","locations":[{"start":{"line":90,"column":59},"end":{"line":90,"column":77}},{"start":{"line":90,"column":77},"end":{"line":90,"column":107}}],"line":90},"12":{"loc":{"start":{"line":95,"column":6},"end":{"line":95,"column":60}},"type":"cond-expr","locations":[{"start":{"line":95,"column":24},"end":{"line":95,"column":58}},{"start":{"line":95,"column":58},"end":{"line":95,"column":60}}],"line":95},"13":{"loc":{"start":{"line":95,"column":63},"end":{"line":95,"column":82}},"type":"binary-expr","locations":[{"start":{"line":95,"column":63},"end":{"line":95,"column":80}},{"start":{"line":95,"column":80},"end":{"line":95,"column":82}}],"line":95}},"s":{"0":0,"1":0,"2":0,"3":0,"4":0,"5":0},"f":{"0":0},"b":{"0":[0,0],"1":[0,0],"2":[0,0],"3":[0,0],"4":[0,0],"5":[0,0],"6":[0,0],"7":[0,0],"8":[0,0],"9":[0,0],"10":[0,0],"11":[0,0],"12":[0,0],"13":[0,0]},"meta":{"lastBranch":14,"lastFunction":1,"lastStatement":6,"seen":{"f:24:16:24:39":0,"s:25:25:25:Infinity":0,"b:26:2:26:Infinity:undefined:undefined:undefined:undefined":0,"s:26:2:26:Infinity":1,"s:26:23:26:Infinity":2,"b:27:2:27:Infinity:undefined:undefined:undefined:undefined":1,"s:27:2:27:Infinity":3,"s:27:21:27:Infinity":4,"s:29:2:99:Infinity":5,"b:34:25:34:38:34:38:34:48":2,"b:71:6:71:19:71:19:71:24":3,"b:77:18:77:63:77:63:77:65":4,"b:79:36:79:236:79:236:79:238":5,"b:79:4:79:22:79:22:79:36":6,"b:81:74:81:91:81:91:81:123":7,"b:82:93:82:114:82:114:82:147":8,"b:83:71:83:88:83:88:83:117":9,"b:84:108:84:123:84:123:84:152":10,"b:90:59:90:77:90:77:90:107":11,"b:95:24:95:58:95:58:95:60":12,"b:95:63:95:80:95:80:95:82":13},"fnNames":{}}}
,"/Users/machunyu/Desktop/2026/studyapp/app/components/petsafe/pet-poster-template.ts": {"path":"/Users/machunyu/Desktop/2026/studyapp/app/components/petsafe/pet-poster-template.ts","statementMap":{"0":{"start":{"line":16,"column":2},"end":{"line":21,"column":null}},"1":{"start":{"line":25,"column":15},"end":{"line":25,"column":null}},"2":{"start":{"line":26,"column":16},"end":{"line":26,"column":null}},"3":{"start":{"line":27,"column":16},"end":{"line":27,"column":null}},"4":{"start":{"line":29,"column":23},"end":{"line":37,"column":null}},"5":{"start":{"line":39,"column":2},"end":{"line":73,"column":null}}},"fnMap":{"0":{"name":"escapeHtml","decl":{"start":{"line":15,"column":9},"end":{"line":15,"column":20}},"loc":{"start":{"line":15,"column":43},"end":{"line":22,"column":null}},"line":15},"1":{"name":"generatePetPosterHTML","decl":{"start":{"line":24,"column":16},"end":{"line":24,"column":38}},"loc":{"start":{"line":24,"column":95},"end":{"line":77,"column":null}},"line":24}},"branchMap":{"0":{"loc":{"start":{"line":25,"column":26},"end":{"line":25,"column":47}},"type":"binary-expr","locations":[{"start":{"line":25,"column":26},"end":{"line":25,"column":42}},{"start":{"line":25,"column":42},"end":{"line":25,"column":47}}],"line":25},"1":{"loc":{"start":{"line":26,"column":27},"end":{"line":26,"column":48}},"type":"binary-expr","locations":[{"start":{"line":26,"column":27},"end":{"line":26,"column":46}},{"start":{"line":26,"column":46},"end":{"line":26,"column":48}}],"line":26},"2":{"loc":{"start":{"line":27,"column":27},"end":{"line":27,"column":47}},"type":"binary-expr","locations":[{"start":{"line":27,"column":27},"end":{"line":27,"column":45}},{"start":{"line":27,"column":45},"end":{"line":27,"column":47}}],"line":27},"3":{"loc":{"start":{"line":29,"column":23},"end":{"line":37,"column":null}},"type":"cond-expr","locations":[{"start":{"line":30,"column":6},"end":{"line":35,"column":null}},{"start":{"line":37,"column":6},"end":{"line":37,"column":null}}],"line":29},"4":{"loc":{"start":{"line":35,"column":59},"end":{"line":35,"column":98}},"type":"binary-expr","locations":[{"start":{"line":35,"column":59},"end":{"line":35,"column":68}},{"start":{"line":35,"column":68},"end":{"line":35,"column":98}}],"line":35}},"s":{"0":0,"1":0,"2":0,"3":0,"4":0,"5":0},"f":{"0":0,"1":0},"b":{"0":[0,0],"1":[0,0],"2":[0,0],"3":[0,0],"4":[0,0]},"meta":{"lastBranch":5,"lastFunction":2,"lastStatement":6,"seen":{"f:15:9:15:20":0,"s:16:2:21:Infinity":0,"f:24:16:24:38":1,"s:25:15:25:Infinity":1,"b:25:26:25:42:25:42:25:47":0,"s:26:16:26:Infinity":2,"b:26:27:26:46:26:46:26:48":1,"s:27:16:27:Infinity":3,"b:27:27:27:45:27:45:27:47":2,"s:29:23:37:Infinity":4,"b:30:6:35:Infinity:37:6:37:Infinity":3,"b:35:59:35:68:35:68:35:98":4,"s:39:2:73:Infinity":5},"fnNames":{}}}
}
